[2025-12-31T00:45:12.442Z] INFO: Creating series: X-Men (Vol. 1) 
[2025-12-31T00:47:12.082Z] INFO: Creating series: X-Men (Vol. 1) 
[2025-12-31T15:03:53.780Z] INFO: Creating publisher: New Pub 
[2025-12-31T15:08:30.726Z] INFO: Creating publisher: New Pub 
[2025-12-31T15:15:00.935Z] INFO: Creating publisher: New Pub 
2025-12-31 16:21:50 [32minfo[39m: Creating publisher: New Pub 
2025-12-31 16:26:52 [32minfo[39m: Creating publisher: New Pub 
2025-12-31 16:28:04 [xf3zh9fmkme] [32minfo[39m: [>>>] [UNKNOWN] 
2025-12-31 16:28:04 [xf3zh9fmkme] [32minfo[39m: [<<<] [UNKNOWN] took 0.018 seconds 
2025-12-31 16:28:04 [znn3yiiaou] [32minfo[39m: [>>>] [UNKNOWN] 
2025-12-31 16:28:04 [znn3yiiaou] [32minfo[39m: [<<<] [UNKNOWN] took 0.003 seconds 
2025-12-31 16:28:04 [s6w4kf2a54] [32minfo[39m: [>>>] [UNKNOWN] 
2025-12-31 16:28:04 [s6w4kf2a54] [32minfo[39m: [<<<] [UNKNOWN] took 0.033 seconds 
2025-12-31 16:28:04 [00qcouf0tzgor] [32minfo[39m: [>>>] [UNKNOWN] 
2025-12-31 16:28:04 [00qcouf0tzgor] [32minfo[39m: [<<<] [UNKNOWN] took 0.001 seconds 
2025-12-31 16:28:04 [ijwuid3z9pk] [32minfo[39m: [>>>] [UNKNOWN] 
2025-12-31 16:28:04 [hwqfd20kbyj] [32minfo[39m: [>>>] [UNKNOWN] 
2025-12-31 16:28:04 [hwqfd20kbyj] [32minfo[39m: [<<<] [UNKNOWN] took 0.005 seconds 
2025-12-31 16:28:04 [yojo5ss5rlk] [32minfo[39m: [>>>] [UNKNOWN] 
2025-12-31 16:28:04 [yojo5ss5rlk] [32minfo[39m: [<<<] [UNKNOWN] took 0.002 seconds 
2025-12-31 16:28:04 [wevom72h07n] [32minfo[39m: [>>>] [UNKNOWN] 
2025-12-31 16:28:04 [wevom72h07n] [32minfo[39m: [<<<] [UNKNOWN] took 0.003 seconds 
2025-12-31 16:28:53 [af5mqbxqdbg] [32minfo[39m: [>>>] [UNKNOWN] 
2025-12-31 16:28:53 [af5mqbxqdbg] [32minfo[39m: [<<<] [UNKNOWN] took 0.038 seconds 
2025-12-31 16:28:53 [6uf76higqwl] [32minfo[39m: [>>>] [UNKNOWN] 
2025-12-31 16:28:53 [6uf76higqwl] [32minfo[39m: [<<<] [UNKNOWN] took 0.003 seconds 
2025-12-31 16:28:53 [ui2l7qbfxg] [32minfo[39m: [>>>] [UNKNOWN] 
2025-12-31 16:28:53 [ui2l7qbfxg] [32minfo[39m: [<<<] [UNKNOWN] took 0.008 seconds 
2025-12-31 16:28:53 [53om3kuwru] [32minfo[39m: [>>>] [UNKNOWN] 
2025-12-31 16:28:53 [53om3kuwru] [32minfo[39m: [<<<] [UNKNOWN] took 0.006 seconds 
2025-12-31 16:28:53 [7353v6vcrz3] [32minfo[39m: [>>>] [UNKNOWN] 
2025-12-31 16:28:53 [yu9dqp77xir] [32minfo[39m: [>>>] [UNKNOWN] 
2025-12-31 16:28:53 [yu9dqp77xir] [32minfo[39m: [<<<] [UNKNOWN] took 0.006 seconds 
2025-12-31 16:28:53 [4bib4ydw2n2] [32minfo[39m: [>>>] [UNKNOWN] 
2025-12-31 16:28:53 [4bib4ydw2n2] [32minfo[39m: [<<<] [UNKNOWN] took 0.002 seconds 
2025-12-31 16:28:53 [lzae10xu6wa] [32minfo[39m: [>>>] [UNKNOWN] 
2025-12-31 16:28:53 [lzae10xu6wa] [32minfo[39m: [<<<] [UNKNOWN] took 0.003 seconds 
2025-12-31 16:29:13 [fwtbt4lfsxw] [32minfo[39m: [>>>] [UNKNOWN] 
2025-12-31 16:29:13 [31merror[39m: [ERR]  {"stack":"SequelizeConnectionRefusedError: \n    at ConnectionManager.connect (/Users/christian/Documents/WebstormProjects/shortbox-sandbox/shortbox-graphql/node_modules/sequelize/src/dialects/mysql/connection-manager.js:116:17)\n    at processTicksAndRejections (node:internal/process/task_queues:103:5)\n    at ConnectionManager._connect (/Users/christian/Documents/WebstormProjects/shortbox-sandbox/shortbox-graphql/node_modules/sequelize/src/dialects/abstract/connection-manager.js:332:24)\n    at /Users/christian/Documents/WebstormProjects/shortbox-sandbox/shortbox-graphql/node_modules/sequelize/src/dialects/abstract/connection-manager.js:250:32\n    at ConnectionManager.getConnection (/Users/christian/Documents/WebstormProjects/shortbox-sandbox/shortbox-graphql/node_modules/sequelize/src/dialects/abstract/connection-manager.js:280:7)\n    at /Users/christian/Documents/WebstormProjects/shortbox-sandbox/shortbox-graphql/node_modules/sequelize/src/sequelize.js:638:26\n    at MySQLQueryInterface.select (/Users/christian/Documents/WebstormProjects/shortbox-sandbox/shortbox-graphql/node_modules/sequelize/src/dialects/abstract/query-interface.js:1001:12)\n    at Publisher.findAll (/Users/christian/Documents/WebstormProjects/shortbox-sandbox/shortbox-graphql/node_modules/sequelize/src/model.js:1824:21)\n    at PublisherService.findPublishers (/Users/christian/Documents/WebstormProjects/shortbox-sandbox/shortbox-graphql/src/services/PublisherService.ts:52:23)\n    at Object.publishers (/Users/christian/Documents/WebstormProjects/shortbox-sandbox/shortbox-graphql/src/modules/publisher/Publisher.resolver.ts:10:15)","code":"INTERNAL_SERVER_ERROR"}
2025-12-31 16:29:13 [fwtbt4lfsxw] [32minfo[39m: [<<<] [UNKNOWN] took 0.033 seconds 
2025-12-31 16:29:13 [o8hqvc3koj] [32minfo[39m: [>>>] [UNKNOWN] 
2025-12-31 16:29:13 [31merror[39m: [ERR]  {"stack":"SequelizeConnectionRefusedError: \n    at ConnectionManager.connect (/Users/christian/Documents/WebstormProjects/shortbox-sandbox/shortbox-graphql/node_modules/sequelize/src/dialects/mysql/connection-manager.js:116:17)\n    at processTicksAndRejections (node:internal/process/task_queues:103:5)\n    at ConnectionManager._connect (/Users/christian/Documents/WebstormProjects/shortbox-sandbox/shortbox-graphql/node_modules/sequelize/src/dialects/abstract/connection-manager.js:332:24)\n    at /Users/christian/Documents/WebstormProjects/shortbox-sandbox/shortbox-graphql/node_modules/sequelize/src/dialects/abstract/connection-manager.js:250:32\n    at ConnectionManager.getConnection (/Users/christian/Documents/WebstormProjects/shortbox-sandbox/shortbox-graphql/node_modules/sequelize/src/dialects/abstract/connection-manager.js:280:7)\n    at /Users/christian/Documents/WebstormProjects/shortbox-sandbox/shortbox-graphql/node_modules/sequelize/src/sequelize.js:638:26\n    at MySQLQueryInterface.select (/Users/christian/Documents/WebstormProjects/shortbox-sandbox/shortbox-graphql/node_modules/sequelize/src/dialects/abstract/query-interface.js:1001:12)\n    at Publisher.findAll (/Users/christian/Documents/WebstormProjects/shortbox-sandbox/shortbox-graphql/node_modules/sequelize/src/model.js:1824:21)\n    at PublisherService.findPublishers (/Users/christian/Documents/WebstormProjects/shortbox-sandbox/shortbox-graphql/src/services/PublisherService.ts:52:23)\n    at Object.publishers (/Users/christian/Documents/WebstormProjects/shortbox-sandbox/shortbox-graphql/src/modules/publisher/Publisher.resolver.ts:10:15)","code":"INTERNAL_SERVER_ERROR"}
2025-12-31 16:29:13 [o8hqvc3koj] [32minfo[39m: [<<<] [UNKNOWN] took 0.002 seconds 
2025-12-31 16:29:13 [7wyi4e7x99k] [32minfo[39m: [>>>] [UNKNOWN] 
2025-12-31 16:29:13 [31merror[39m: [ERR]  {"stack":"SequelizeConnectionRefusedError: \n    at ConnectionManager.connect (/Users/christian/Documents/WebstormProjects/shortbox-sandbox/shortbox-graphql/node_modules/sequelize/src/dialects/mysql/connection-manager.js:116:17)\n    at processTicksAndRejections (node:internal/process/task_queues:103:5)\n    at ConnectionManager._connect (/Users/christian/Documents/WebstormProjects/shortbox-sandbox/shortbox-graphql/node_modules/sequelize/src/dialects/abstract/connection-manager.js:332:24)\n    at /Users/christian/Documents/WebstormProjects/shortbox-sandbox/shortbox-graphql/node_modules/sequelize/src/dialects/abstract/connection-manager.js:250:32\n    at ConnectionManager.getConnection (/Users/christian/Documents/WebstormProjects/shortbox-sandbox/shortbox-graphql/node_modules/sequelize/src/dialects/abstract/connection-manager.js:280:7)\n    at /Users/christian/Documents/WebstormProjects/shortbox-sandbox/shortbox-graphql/node_modules/sequelize/src/sequelize.js:638:26\n    at MySQLQueryInterface.select (/Users/christian/Documents/WebstormProjects/shortbox-sandbox/shortbox-graphql/node_modules/sequelize/src/dialects/abstract/query-interface.js:1001:12)\n    at Issue.findAll (/Users/christian/Documents/WebstormProjects/shortbox-sandbox/shortbox-graphql/node_modules/sequelize/src/model.js:1824:21)\n    at Issue.findOne (/Users/christian/Documents/WebstormProjects/shortbox-sandbox/shortbox-graphql/node_modules/sequelize/src/model.js:1998:12)\n    at Object.issue (/Users/christian/Documents/WebstormProjects/shortbox-sandbox/shortbox-graphql/src/modules/issue/Issue.resolver.ts:21:14)","code":"INTERNAL_SERVER_ERROR"}
2025-12-31 16:29:13 [7wyi4e7x99k] [32minfo[39m: [<<<] [UNKNOWN] took 0.007 seconds 
2025-12-31 16:29:13 [2xhe6xii0am] [32minfo[39m: [>>>] [UNKNOWN] 
2025-12-31 16:29:13 [31merror[39m: [ERR]  {"stack":"SequelizeConnectionRefusedError: \n    at ConnectionManager.connect (/Users/christian/Documents/WebstormProjects/shortbox-sandbox/shortbox-graphql/node_modules/sequelize/src/dialects/mysql/connection-manager.js:116:17)\n    at processTicksAndRejections (node:internal/process/task_queues:103:5)\n    at ConnectionManager._connect (/Users/christian/Documents/WebstormProjects/shortbox-sandbox/shortbox-graphql/node_modules/sequelize/src/dialects/abstract/connection-manager.js:332:24)\n    at /Users/christian/Documents/WebstormProjects/shortbox-sandbox/shortbox-graphql/node_modules/sequelize/src/dialects/abstract/connection-manager.js:250:32\n    at ConnectionManager.getConnection (/Users/christian/Documents/WebstormProjects/shortbox-sandbox/shortbox-graphql/node_modules/sequelize/src/dialects/abstract/connection-manager.js:280:7)\n    at /Users/christian/Documents/WebstormProjects/shortbox-sandbox/shortbox-graphql/node_modules/sequelize/src/sequelize.js:638:26\n    at MySQLQueryInterface.select (/Users/christian/Documents/WebstormProjects/shortbox-sandbox/shortbox-graphql/node_modules/sequelize/src/dialects/abstract/query-interface.js:1001:12)\n    at Series.findAll (/Users/christian/Documents/WebstormProjects/shortbox-sandbox/shortbox-graphql/node_modules/sequelize/src/model.js:1824:21)\n    at SeriesService.findSeries (/Users/christian/Documents/WebstormProjects/shortbox-sandbox/shortbox-graphql/src/services/SeriesService.ts:61:23)\n    at Object.series (/Users/christian/Documents/WebstormProjects/shortbox-sandbox/shortbox-graphql/src/modules/series/Series.resolver.ts:10:15)","code":"INTERNAL_SERVER_ERROR"}
2025-12-31 16:29:13 [2xhe6xii0am] [32minfo[39m: [<<<] [UNKNOWN] took 0.005 seconds 
2025-12-31 16:29:13 [ddn995fnua5] [32minfo[39m: [>>>] [UNKNOWN] 
2025-12-31 16:29:13 [31merror[39m: [ERR] Context creation failed:  {"stack":"SequelizeConnectionRefusedError: \n    at ConnectionManager.connect (/Users/christian/Documents/WebstormProjects/shortbox-sandbox/shortbox-graphql/node_modules/sequelize/src/dialects/mysql/connection-manager.js:116:17)\n    at processTicksAndRejections (node:internal/process/task_queues:103:5)\n    at ConnectionManager._connect (/Users/christian/Documents/WebstormProjects/shortbox-sandbox/shortbox-graphql/node_modules/sequelize/src/dialects/abstract/connection-manager.js:332:24)\n    at /Users/christian/Documents/WebstormProjects/shortbox-sandbox/shortbox-graphql/node_modules/sequelize/src/dialects/abstract/connection-manager.js:250:32\n    at ConnectionManager.getConnection (/Users/christian/Documents/WebstormProjects/shortbox-sandbox/shortbox-graphql/node_modules/sequelize/src/dialects/abstract/connection-manager.js:280:7)\n    at Transaction.prepareEnvironment (/Users/christian/Documents/WebstormProjects/shortbox-sandbox/shortbox-graphql/node_modules/sequelize/src/transaction.js:126:24)\n    at Sequelize.transaction (/Users/christian/Documents/WebstormProjects/shortbox-sandbox/shortbox-graphql/node_modules/sequelize/src/sequelize.js:1187:7)\n    at context (/Users/christian/Documents/WebstormProjects/shortbox-sandbox/shortbox-graphql/src/core/server.ts:209:29)\n    at ApolloServer.executeHTTPGraphQLRequest (/Users/christian/Documents/WebstormProjects/shortbox-sandbox/shortbox-graphql/node_modules/@apollo/server/src/ApolloServer.ts:1110:24)","code":"INTERNAL_SERVER_ERROR"}
2025-12-31 16:29:13 [7onpkkq3v32] [32minfo[39m: [>>>] [UNKNOWN] 
2025-12-31 16:29:13 [31merror[39m: [ERR]  {"stack":"SequelizeConnectionRefusedError: \n    at ConnectionManager.connect (/Users/christian/Documents/WebstormProjects/shortbox-sandbox/shortbox-graphql/node_modules/sequelize/src/dialects/mysql/connection-manager.js:116:17)\n    at processTicksAndRejections (node:internal/process/task_queues:103:5)\n    at ConnectionManager._connect (/Users/christian/Documents/WebstormProjects/shortbox-sandbox/shortbox-graphql/node_modules/sequelize/src/dialects/abstract/connection-manager.js:332:24)\n    at /Users/christian/Documents/WebstormProjects/shortbox-sandbox/shortbox-graphql/node_modules/sequelize/src/dialects/abstract/connection-manager.js:250:32\n    at ConnectionManager.getConnection (/Users/christian/Documents/WebstormProjects/shortbox-sandbox/shortbox-graphql/node_modules/sequelize/src/dialects/abstract/connection-manager.js:280:7)\n    at /Users/christian/Documents/WebstormProjects/shortbox-sandbox/shortbox-graphql/node_modules/sequelize/src/sequelize.js:638:26\n    at MySQLQueryInterface.select (/Users/christian/Documents/WebstormProjects/shortbox-sandbox/shortbox-graphql/node_modules/sequelize/src/dialects/abstract/query-interface.js:1001:12)\n    at Issue.findAll (/Users/christian/Documents/WebstormProjects/shortbox-sandbox/shortbox-graphql/node_modules/sequelize/src/model.js:1824:21)\n    at IssueService.getLastEdited (/Users/christian/Documents/WebstormProjects/shortbox-sandbox/shortbox-graphql/src/services/IssueService.ts:272:12)\n    at Object.lastEdited (/Users/christian/Documents/WebstormProjects/shortbox-sandbox/shortbox-graphql/src/modules/issue/Issue.resolver.ts:39:14)","code":"INTERNAL_SERVER_ERROR"}
2025-12-31 16:29:13 [7onpkkq3v32] [32minfo[39m: [<<<] [UNKNOWN] took 0.005 seconds 
2025-12-31 16:29:13 [5ldo10p12j5] [32minfo[39m: [>>>] [UNKNOWN] 
2025-12-31 16:29:13 [31merror[39m: [ERR]  {"stack":"SequelizeConnectionRefusedError: \n    at ConnectionManager.connect (/Users/christian/Documents/WebstormProjects/shortbox-sandbox/shortbox-graphql/node_modules/sequelize/src/dialects/mysql/connection-manager.js:116:17)\n    at processTicksAndRejections (node:internal/process/task_queues:103:5)\n    at ConnectionManager._connect (/Users/christian/Documents/WebstormProjects/shortbox-sandbox/shortbox-graphql/node_modules/sequelize/src/dialects/abstract/connection-manager.js:332:24)\n    at /Users/christian/Documents/WebstormProjects/shortbox-sandbox/shortbox-graphql/node_modules/sequelize/src/dialects/abstract/connection-manager.js:250:32\n    at ConnectionManager.getConnection (/Users/christian/Documents/WebstormProjects/shortbox-sandbox/shortbox-graphql/node_modules/sequelize/src/dialects/abstract/connection-manager.js:280:7)\n    at /Users/christian/Documents/WebstormProjects/shortbox-sandbox/shortbox-graphql/node_modules/sequelize/src/sequelize.js:638:26\n    at MySQLQueryInterface.select (/Users/christian/Documents/WebstormProjects/shortbox-sandbox/shortbox-graphql/node_modules/sequelize/src/dialects/abstract/query-interface.js:1001:12)\n    at Issue.findAll (/Users/christian/Documents/WebstormProjects/shortbox-sandbox/shortbox-graphql/node_modules/sequelize/src/model.js:1824:21)\n    at IssueService.getLastEdited (/Users/christian/Documents/WebstormProjects/shortbox-sandbox/shortbox-graphql/src/services/IssueService.ts:272:12)\n    at Object.lastEdited (/Users/christian/Documents/WebstormProjects/shortbox-sandbox/shortbox-graphql/src/modules/issue/Issue.resolver.ts:39:14)","code":"INTERNAL_SERVER_ERROR"}
2025-12-31 16:29:13 [5ldo10p12j5] [32minfo[39m: [<<<] [UNKNOWN] took 0.002 seconds 
2025-12-31 16:29:13 [ivikpq9w32h] [32minfo[39m: [>>>] [UNKNOWN] 
2025-12-31 16:29:13 [31merror[39m: [ERR]  {"stack":"SequelizeConnectionRefusedError: \n    at ConnectionManager.connect (/Users/christian/Documents/WebstormProjects/shortbox-sandbox/shortbox-graphql/node_modules/sequelize/src/dialects/mysql/connection-manager.js:116:17)\n    at processTicksAndRejections (node:internal/process/task_queues:103:5)\n    at ConnectionManager._connect (/Users/christian/Documents/WebstormProjects/shortbox-sandbox/shortbox-graphql/node_modules/sequelize/src/dialects/abstract/connection-manager.js:332:24)\n    at /Users/christian/Documents/WebstormProjects/shortbox-sandbox/shortbox-graphql/node_modules/sequelize/src/dialects/abstract/connection-manager.js:250:32\n    at ConnectionManager.getConnection (/Users/christian/Documents/WebstormProjects/shortbox-sandbox/shortbox-graphql/node_modules/sequelize/src/dialects/abstract/connection-manager.js:280:7)\n    at /Users/christian/Documents/WebstormProjects/shortbox-sandbox/shortbox-graphql/node_modules/sequelize/src/sequelize.js:638:26\n    at MySQLQueryInterface.select (/Users/christian/Documents/WebstormProjects/shortbox-sandbox/shortbox-graphql/node_modules/sequelize/src/dialects/abstract/query-interface.js:1001:12)\n    at Issue.findAll (/Users/christian/Documents/WebstormProjects/shortbox-sandbox/shortbox-graphql/node_modules/sequelize/src/model.js:1824:21)\n    at IssueService.getLastEdited (/Users/christian/Documents/WebstormProjects/shortbox-sandbox/shortbox-graphql/src/services/IssueService.ts:272:12)\n    at Object.lastEdited (/Users/christian/Documents/WebstormProjects/shortbox-sandbox/shortbox-graphql/src/modules/issue/Issue.resolver.ts:39:14)","code":"INTERNAL_SERVER_ERROR"}
2025-12-31 16:29:13 [ivikpq9w32h] [32minfo[39m: [<<<] [UNKNOWN] took 0.002 seconds 
2025-12-31 16:29:51 [weo8sc5nl0k] [32minfo[39m: [>>>] [UNKNOWN] 
2025-12-31 16:29:51 [weo8sc5nl0k] [32minfo[39m: [<<<] [UNKNOWN] took 0.034 seconds 
2025-12-31 16:29:51 [o84t5grcuk] [32minfo[39m: [>>>] [UNKNOWN] 
2025-12-31 16:29:51 [o84t5grcuk] [32minfo[39m: [<<<] [UNKNOWN] took 0.003 seconds 
2025-12-31 16:29:51 [l86e0i8pqup] [32minfo[39m: [>>>] [UNKNOWN] 
2025-12-31 16:29:51 [l86e0i8pqup] [32minfo[39m: [<<<] [UNKNOWN] took 0.007 seconds 
2025-12-31 16:29:51 [hnyuhkut5uw] [32minfo[39m: [>>>] [UNKNOWN] 
2025-12-31 16:29:51 [hnyuhkut5uw] [32minfo[39m: [<<<] [UNKNOWN] took 0.005 seconds 
2025-12-31 16:29:51 [jbecuezh1s] [32minfo[39m: [>>>] [UNKNOWN] 
2025-12-31 16:29:51 [rxo76kmq079] [32minfo[39m: [>>>] [UNKNOWN] 
2025-12-31 16:29:51 [rxo76kmq079] [32minfo[39m: [<<<] [UNKNOWN] took 0.005 seconds 
2025-12-31 16:29:51 [jxgd9lab3a8] [32minfo[39m: [>>>] [UNKNOWN] 
2025-12-31 16:29:51 [jxgd9lab3a8] [32minfo[39m: [<<<] [UNKNOWN] took 0.002 seconds 
2025-12-31 16:29:51 [372mymmu1uq] [32minfo[39m: [>>>] [UNKNOWN] 
2025-12-31 16:29:51 [372mymmu1uq] [32minfo[39m: [<<<] [UNKNOWN] took 0.002 seconds 
2025-12-31 16:34:16 [32minfo[39m: Creating publisher: New Pub 
2025-12-31 16:34:48 [32minfo[39m: Creating publisher: New Pub 
